<?xml version="1.0" encoding="UTF-8"?>
<testsuite name="com.ttn.linksharingbootcamp.LinkResourceSpec" tests="1" skipped="0" failures="0" errors="0" timestamp="2017-04-25T17:40:45" hostname="sargam-sachdeva" time="1.736">
  <properties/>
  <testcase name="tostringCheck" classname="com.ttn.linksharingbootcamp.LinkResourceSpec" time="1.736"/>
  <system-out><![CDATA[]]></system-out>
  <system-err><![CDATA[]]></system-err>
</testsuite>
