<?xml version="1.0" encoding="UTF-8"?>
<testsuite name="com.ttn.linksharingbootcamp.UserSpec" tests="3" skipped="0" failures="0" errors="0" timestamp="2017-04-27T08:58:59" hostname="sargam-sachdeva" time="1.979">
  <properties/>
  <testcase name="Executing 1" classname="com.ttn.linksharingbootcamp.UserSpec" time="1.964"/>
  <testcase name="Executing 1" classname="com.ttn.linksharingbootcamp.UserSpec" time="0.01"/>
  <testcase name="Executing 1" classname="com.ttn.linksharingbootcamp.UserSpec" time="0.005"/>
  <system-out><![CDATA[]]></system-out>
  <system-err><![CDATA[]]></system-err>
</testsuite>
