<?xml version="1.0" encoding="UTF-8"?>
<testsuite name="com.ttn.linksharingbootcamp.ReadingItemSpec" tests="1" skipped="0" failures="0" errors="0" timestamp="2017-04-26T09:04:06" hostname="sargam-sachdeva" time="1.679">
  <properties/>
  <testcase name="validatingUniqueReadingItem" classname="com.ttn.linksharingbootcamp.ReadingItemSpec" time="1.679"/>
  <system-out><![CDATA[]]></system-out>
  <system-err><![CDATA[]]></system-err>
</testsuite>
